<?xml version="1.0" encoding="UTF-8"?>
<!-- Generated by org.testng.reporters.JUnitXMLReporter -->
<testsuite hostname="akhireddy-PC" ignored="2" name="Default test(failed)" tests="1" failures="0" timestamp="24 Oct 2019 15:40:47 GMT" time="17.486" errors="0">
  <testcase name="hotel" time="4.401" classname="pack.Demo3"/>
  <testcase name="crusies" time="0.0" classname="pack.Demo3">
    <ignored/>
  </testcase> <!-- crusies -->
  <testcase name="register" time="0.0" classname="pack.Demo3">
    <ignored/>
  </testcase> <!-- register -->
</testsuite> <!-- Default test(failed) -->
