<?xml version="1.0" encoding="UTF-8"?>
<!-- Generated by org.testng.reporters.JUnitXMLReporter -->
<testsuite hostname="akhireddy-PC" ignored="1" name="Result2" tests="2" failures="0" timestamp="24 Oct 2019 15:34:53 GMT" time="33.851" errors="0">
  <testcase name="register" time="5.328" classname="pack.Demo3"/>
  <testcase name="crusies" time="4.589" classname="pack.Demo3"/>
  <testcase name="hotel" time="0.0" classname="pack.Demo3">
    <ignored/>
  </testcase> <!-- hotel -->
</testsuite> <!-- Result2 -->
