<?xml version="1.0" encoding="UTF-8"?>
<!-- Generated by org.testng.reporters.JUnitXMLReporter -->
<testsuite hostname="akhireddy-PC" ignored="1" name="Result" tests="5" failures="0" timestamp="24 Oct 2019 15:28:34 GMT" time="86.672" errors="0">
  <testcase name="register" time="5.865" classname="pack.Demo2"/>
  <testcase name="register" time="5.637" classname="pack.Demo3"/>
  <testcase name="hotel" time="5.113" classname="pack.Demo2"/>
  <testcase name="crusies" time="8.113" classname="pack.Demo2"/>
  <testcase name="crusies" time="5.237" classname="pack.Demo3"/>
  <testcase name="hotel" time="0.0" classname="pack.Demo3">
    <ignored/>
  </testcase> <!-- hotel -->
</testsuite> <!-- Result -->
